<?xml version="1.0" encoding="UTF-8"?>
<!-- Generated by org.testng.reporters.JUnitReportReporter -->
<testsuite hostname="DESKTOP-TCHB44F" name="testcases.TC01_Login" tests="1" failures="0" timestamp="3 Feb 2017 10:19:52 GMT" time="45.666" errors="0">
  <testcase name="login" time="45.666" classname="testcases.TC01_Login"/>
</testsuite> <!-- testcases.TC01_Login -->
